2017-08-16 02:38:05 7f0000010b5400000001 登陆了
2017-08-16 02:38:05 7f0000010b5400000001 said POST / HTTP/1.1
Host: 127.0.0.1:8282
Accept: */*
Content-Type:application/x-www-form-urlencoded;charset=utf-8
Content-Length: 0


2017-08-16 03:31:27 7f0000010b5400000001 登陆了
2017-08-16 03:31:27 7f0000010b5400000001 said {"event":"worker_connect","secret_key":""}

2017-08-16 03:31:27 7f0000010b5400000001 logout
2017-08-16 03:35:09 7f0000010b5400000002 登陆了
2017-08-16 03:35:09 7f0000010b5400000002 said {"event":"worker_connect","secret_key":""}

2017-08-16 03:35:09 7f0000010b5400000002 logout
2017-08-16 03:35:23 7f0000010b5400000003 登陆了
2017-08-16 03:35:23 7f0000010b5400000003 said {"event":"worker_connect","secret_key":""}

2017-08-16 03:35:23 7f0000010b5400000003 logout
2017-08-16 03:39:25 7f0000010b5400000004 登陆了
2017-08-16 03:39:25 7f0000010b5400000004 said {"event":"worker_connect","secret_key":""}

2017-08-16 03:39:25 7f0000010b5400000004 logout
2017-08-16 05:39:49 7f0000010b5400000005 登陆了
2017-08-16 05:39:49 7f0000010b5400000005 said 我来发消息
2017-08-16 05:40:08 7f0000010b5400000006 登陆了
2017-08-16 05:40:08 7f0000010b5400000006 said {"event":"worker_connect","secret_key":""}

2017-08-16 05:40:08 7f0000010b5400000006 logout
2017-08-16 05:41:21 7f0000010b5400000007 登陆了
2017-08-16 05:41:21 7f0000010b5400000007 said {"event":"worker_connect","secret_key":""}

2017-08-16 05:41:21 7f0000010b5400000007 logout
2017-08-16 05:42:22 7f0000010b5400000005 logout
2017-08-16 05:42:29 7f0000010b5400000008 登陆了
2017-08-16 05:42:29 7f0000010b5400000008 said 我来发消息
2017-08-16 08:07:12 7f0000010b5400000008 logout
